[Mon May 11 12:24:23 2026] PHP 8.3.6 Development Server (http://localhost:8000) started
[Mon May 11 12:24:41 2026] [::1]:42782 Accepted
[Mon May 11 12:24:41 2026] [::1]:42782 [200]: GET /login
[Mon May 11 12:24:41 2026] [::1]:42782 Closing
[Mon May 11 12:24:41 2026] [::1]:42788 Accepted
[Mon May 11 12:24:41 2026] [::1]:42794 Accepted
[Mon May 11 12:24:41 2026] [::1]:42788 [200]: GET /assets/css/bootstrap.min.css
[Mon May 11 12:24:41 2026] [::1]:42794 [200]: GET /assets/js/bootstrap.bundle.min.js
[Mon May 11 12:24:41 2026] [::1]:42788 Closing
[Mon May 11 12:24:41 2026] [::1]:42794 Closing
[Mon May 11 12:24:42 2026] [::1]:42806 Accepted
[Mon May 11 12:24:42 2026] [::1]:42806 [302]: POST /login
[Mon May 11 12:24:42 2026] [::1]:42806 Closing
[Mon May 11 12:24:42 2026] [::1]:42816 Accepted
[Mon May 11 12:24:42 2026] [::1]:42816 [200]: GET /
[Mon May 11 12:24:42 2026] [::1]:42816 Closing
[Mon May 11 12:24:42 2026] [::1]:42828 Accepted
[Mon May 11 12:24:42 2026] [::1]:42830 Accepted
[Mon May 11 12:24:42 2026] [::1]:42840 Accepted
[Mon May 11 12:24:42 2026] [::1]:42850 Accepted
[Mon May 11 12:24:42 2026] [::1]:42828 [200]: GET /assets/css/style.css
[Mon May 11 12:24:42 2026] [::1]:42860 Accepted
[Mon May 11 12:24:42 2026] [::1]:42868 Accepted
[Mon May 11 12:24:42 2026] [::1]:42830 [200]: GET /assets/css/style-preset.css
[Mon May 11 12:24:42 2026] [::1]:42830 Closing
[Mon May 11 12:24:42 2026] [::1]:42828 Closing
[Mon May 11 12:24:42 2026] [::1]:42872 Accepted
[Mon May 11 12:24:42 2026] [::1]:42882 Accepted
[Mon May 11 12:24:42 2026] [::1]:42840 [404]: GET /assets/img/logo-dark.svg - No such file or directory
[Mon May 11 12:24:42 2026] [::1]:42850 [404]: GET /assets/img/favicon.svg - No such file or directory
[Mon May 11 12:24:42 2026] [::1]:42860 [200]: GET /assets/img/default-avatar.png
[Mon May 11 12:24:42 2026] [::1]:42868 [200]: GET /assets/libs/jquery.min.js
[Mon May 11 12:24:42 2026] [::1]:42872 [200]: GET /assets/js/plugins/popper.min.js
[Mon May 11 12:24:42 2026] [::1]:42882 [200]: GET /assets/js/plugins/simplebar.min.js
[Mon May 11 12:24:42 2026] [::1]:42840 Closing
[Mon May 11 12:24:42 2026] [::1]:42850 Closing
[Mon May 11 12:24:42 2026] [::1]:42860 Closing
[Mon May 11 12:24:42 2026] [::1]:42868 Closing
[Mon May 11 12:24:42 2026] [::1]:42872 Closing
[Mon May 11 12:24:42 2026] [::1]:42882 Closing
[Mon May 11 12:24:42 2026] [::1]:42894 Accepted
[Mon May 11 12:24:42 2026] [::1]:42904 Accepted
[Mon May 11 12:24:42 2026] [::1]:42894 [200]: GET /assets/js/plugins/bootstrap.min.js
[Mon May 11 12:24:42 2026] [::1]:42912 Accepted
[Mon May 11 12:24:42 2026] [::1]:42904 [200]: GET /assets/js/fonts/custom-font.js
[Mon May 11 12:24:42 2026] [::1]:42922 Accepted
[Mon May 11 12:24:42 2026] [::1]:42912 [200]: GET /assets/js/script.js
[Mon May 11 12:24:42 2026] [::1]:42932 Accepted
[Mon May 11 12:24:42 2026] [::1]:42894 Closing
[Mon May 11 12:24:42 2026] [::1]:42922 [200]: GET /assets/js/theme.js
[Mon May 11 12:24:42 2026] [::1]:42904 Closing
[Mon May 11 12:24:42 2026] [::1]:42932 [200]: GET /assets/js/plugins/feather.min.js
[Mon May 11 12:24:42 2026] [::1]:42912 Closing
[Mon May 11 12:24:42 2026] [::1]:42922 Closing
[Mon May 11 12:24:42 2026] [::1]:42932 Closing
[Mon May 11 12:24:42 2026] [::1]:42936 Accepted
[Mon May 11 12:24:42 2026] [::1]:42936 [200]: GET /assets/fonts/phosphor/duotone/style.css
[Mon May 11 12:24:42 2026] [::1]:42936 Closing
[Mon May 11 12:24:42 2026] [::1]:42938 Accepted
[Mon May 11 12:24:42 2026] [::1]:42938 [200]: GET /assets/fonts/phosphor/duotone/Phosphor-Duotone.woff2
[Mon May 11 12:24:42 2026] [::1]:42938 Closing
[Mon May 11 12:24:42 2026] [::1]:42940 Accepted
[Mon May 11 12:24:42 2026] [::1]:42940 [200]: GET /eleves/create
[Mon May 11 12:24:42 2026] [::1]:42940 Closing
[Mon May 11 12:24:42 2026] [::1]:42946 Accepted
[Mon May 11 12:24:42 2026] [::1]:42952 Accepted
[Mon May 11 12:24:42 2026] [::1]:42968 Accepted
[Mon May 11 12:24:42 2026] [::1]:42984 Accepted
[Mon May 11 12:24:42 2026] [::1]:42946 [200]: GET /assets/css/style.css
[Mon May 11 12:24:42 2026] [::1]:42952 [200]: GET /assets/css/style-preset.css
[Mon May 11 12:24:42 2026] [::1]:42968 [404]: GET /assets/img/logo-dark.svg - No such file or directory
[Mon May 11 12:24:42 2026] [::1]:42968 Closing
[Mon May 11 12:24:42 2026] [::1]:42984 [404]: GET /assets/img/favicon.svg - No such file or directory
[Mon May 11 12:24:42 2026] [::1]:42984 Closing
[Mon May 11 12:24:42 2026] [::1]:42952 Closing
[Mon May 11 12:24:42 2026] [::1]:42946 Closing
[Mon May 11 12:24:42 2026] [::1]:42990 Accepted
[Mon May 11 12:24:42 2026] [::1]:43006 Accepted
[Mon May 11 12:24:42 2026] [::1]:43008 Accepted
[Mon May 11 12:24:42 2026] [::1]:43020 Accepted
[Mon May 11 12:24:42 2026] [::1]:43026 Accepted
[Mon May 11 12:24:42 2026] [::1]:42990 [200]: GET /assets/libs/cropper/cropper.min.css
[Mon May 11 12:24:42 2026] [::1]:42990 Closing
[Mon May 11 12:24:42 2026] [::1]:43006 [200]: GET /assets/libs/cropper/cropper.min.js
[Mon May 11 12:24:42 2026] [::1]:43006 Closing
[Mon May 11 12:24:42 2026] [::1]:43028 Accepted
[Mon May 11 12:24:42 2026] [::1]:43008 [200]: GET /assets/img/default-avatar.png
[Mon May 11 12:24:42 2026] [::1]:43008 Closing
[Mon May 11 12:24:42 2026] [::1]:43020 [200]: GET /assets/libs/jquery.min.js
[Mon May 11 12:24:42 2026] [::1]:43020 Closing
[Mon May 11 12:24:42 2026] [::1]:43026 [200]: GET /assets/js/plugins/popper.min.js
[Mon May 11 12:24:42 2026] [::1]:43026 Closing
[Mon May 11 12:24:42 2026] [::1]:43032 Accepted
[Mon May 11 12:24:42 2026] [::1]:43028 [200]: GET /assets/js/plugins/simplebar.min.js
[Mon May 11 12:24:42 2026] [::1]:43028 Closing
[Mon May 11 12:24:42 2026] [::1]:43036 Accepted
[Mon May 11 12:24:42 2026] [::1]:43032 [200]: GET /assets/js/plugins/bootstrap.min.js
[Mon May 11 12:24:42 2026] [::1]:43048 Accepted
[Mon May 11 12:24:42 2026] [::1]:43050 Accepted
[Mon May 11 12:24:42 2026] [::1]:43032 Closing
[Mon May 11 12:24:42 2026] [::1]:43036 [200]: GET /assets/js/fonts/custom-font.js
[Mon May 11 12:24:42 2026] [::1]:43036 Closing
[Mon May 11 12:24:42 2026] [::1]:43054 Accepted
[Mon May 11 12:24:42 2026] [::1]:43048 [200]: GET /assets/js/script.js
[Mon May 11 12:24:42 2026] [::1]:43048 Closing
[Mon May 11 12:24:42 2026] [::1]:43050 [200]: GET /assets/js/theme.js
[Mon May 11 12:24:42 2026] [::1]:43050 Closing
[Mon May 11 12:24:42 2026] [::1]:43054 [200]: GET /assets/js/plugins/feather.min.js
[Mon May 11 12:24:42 2026] [::1]:43054 Closing
[Mon May 11 12:24:42 2026] [::1]:43064 Accepted
[Mon May 11 12:24:42 2026] [::1]:43064 [200]: GET /assets/fonts/phosphor/duotone/style.css
[Mon May 11 12:24:42 2026] [::1]:43064 Closing
[Mon May 11 12:24:42 2026] [::1]:43070 Accepted
[Mon May 11 12:24:42 2026] [::1]:43070 [200]: GET /assets/fonts/phosphor/duotone/Phosphor-Duotone.woff2
[Mon May 11 12:24:42 2026] [::1]:43070 Closing
[Mon May 11 12:24:42 2026] [::1]:43072 Accepted
[Mon May 11 12:24:42 2026] Student creation failed: SQLSTATE[23000]: Integrity constraint violation: 1062 Duplicate entry '' for key 'email'
[Mon May 11 12:24:42 2026] [::1]:43072 [302]: POST /eleves/store
[Mon May 11 12:24:42 2026] [::1]:43072 Closing
[Mon May 11 12:24:42 2026] [::1]:43080 Accepted
[Mon May 11 12:24:42 2026] [::1]:43080 [200]: GET /eleves/create?error=1
[Mon May 11 12:24:42 2026] [::1]:43080 Closing
[Mon May 11 12:24:42 2026] [::1]:43090 Accepted
[Mon May 11 12:24:42 2026] [::1]:43102 Accepted
[Mon May 11 12:24:42 2026] [::1]:43090 [200]: GET /assets/css/style.css
[Mon May 11 12:24:42 2026] [::1]:43114 Accepted
[Mon May 11 12:24:42 2026] [::1]:43126 Accepted
[Mon May 11 12:24:42 2026] [::1]:43090 Closing
[Mon May 11 12:24:42 2026] [::1]:43128 Accepted
[Mon May 11 12:24:42 2026] [::1]:43102 [200]: GET /assets/css/style-preset.css
[Mon May 11 12:24:42 2026] [::1]:43130 Accepted
[Mon May 11 12:24:42 2026] [::1]:43142 Accepted
[Mon May 11 12:24:42 2026] [::1]:43128 [200]: GET /assets/img/default-avatar.png
[Mon May 11 12:24:42 2026] [::1]:43114 [404]: GET /assets/img/logo-dark.svg - No such file or directory
[Mon May 11 12:24:42 2026] [::1]:43126 [404]: GET /assets/img/favicon.svg - No such file or directory
[Mon May 11 12:24:42 2026] [::1]:43130 [200]: GET /assets/libs/cropper/cropper.min.css
[Mon May 11 12:24:42 2026] [::1]:43114 Closing
[Mon May 11 12:24:42 2026] [::1]:43126 Closing
[Mon May 11 12:24:42 2026] [::1]:43142 [200]: GET /assets/libs/cropper/cropper.min.js
[Mon May 11 12:24:42 2026] [::1]:43128 Closing
[Mon May 11 12:24:42 2026] [::1]:43102 Closing
[Mon May 11 12:24:42 2026] [::1]:43130 Closing
[Mon May 11 12:24:42 2026] [::1]:43142 Closing
[Mon May 11 12:24:42 2026] [::1]:43150 Accepted
[Mon May 11 12:24:42 2026] [::1]:43160 Accepted
[Mon May 11 12:24:42 2026] [::1]:43170 Accepted
[Mon May 11 12:24:42 2026] [::1]:43174 Accepted
[Mon May 11 12:24:42 2026] [::1]:43176 Accepted
[Mon May 11 12:24:42 2026] [::1]:43150 [200]: GET /assets/libs/jquery.min.js
[Mon May 11 12:24:42 2026] [::1]:43160 [200]: GET /assets/js/plugins/popper.min.js
[Mon May 11 12:24:42 2026] [::1]:43186 Accepted
[Mon May 11 12:24:42 2026] [::1]:43170 [200]: GET /assets/js/plugins/simplebar.min.js
[Mon May 11 12:24:42 2026] [::1]:43174 [200]: GET /assets/js/plugins/bootstrap.min.js
[Mon May 11 12:24:42 2026] [::1]:43176 [200]: GET /assets/js/fonts/custom-font.js
[Mon May 11 12:24:42 2026] [::1]:43186 [200]: GET /assets/js/script.js
[Mon May 11 12:24:42 2026] [::1]:43150 Closing
[Mon May 11 12:24:42 2026] [::1]:43160 Closing
[Mon May 11 12:24:42 2026] [::1]:43170 Closing
[Mon May 11 12:24:42 2026] [::1]:43174 Closing
[Mon May 11 12:24:42 2026] [::1]:43176 Closing
[Mon May 11 12:24:42 2026] [::1]:43186 Closing
[Mon May 11 12:24:42 2026] [::1]:43192 Accepted
[Mon May 11 12:24:42 2026] [::1]:43206 Accepted
[Mon May 11 12:24:42 2026] [::1]:43192 [200]: GET /assets/fonts/phosphor/duotone/style.css
[Mon May 11 12:24:42 2026] [::1]:43212 Accepted
[Mon May 11 12:24:42 2026] [::1]:43206 [200]: GET /assets/js/theme.js
[Mon May 11 12:24:42 2026] [::1]:43212 [200]: GET /assets/js/plugins/feather.min.js
[Mon May 11 12:24:42 2026] [::1]:43192 Closing
[Mon May 11 12:24:42 2026] [::1]:43206 Closing
[Mon May 11 12:24:42 2026] [::1]:43212 Closing
[Mon May 11 12:24:42 2026] [::1]:43214 Accepted
[Mon May 11 12:24:42 2026] [::1]:43214 [200]: GET /assets/fonts/phosphor/duotone/Phosphor-Duotone.woff2
[Mon May 11 12:24:42 2026] [::1]:43214 Closing
[Mon May 11 12:26:47 2026] [::1]:42470 Accepted
[Mon May 11 12:26:47 2026] [::1]:42470 [200]: GET /login
[Mon May 11 12:26:47 2026] [::1]:42470 Closing
[Mon May 11 12:26:47 2026] [::1]:42474 Accepted
[Mon May 11 12:26:47 2026] [::1]:42474 [200]: GET /assets/css/bootstrap.min.css
[Mon May 11 12:26:47 2026] [::1]:42474 Closing
[Mon May 11 12:26:47 2026] [::1]:42484 Accepted
[Mon May 11 12:26:47 2026] [::1]:42484 [200]: GET /assets/js/bootstrap.bundle.min.js
[Mon May 11 12:26:47 2026] [::1]:42484 Closing
[Mon May 11 12:26:47 2026] [::1]:42496 Accepted
[Mon May 11 12:26:47 2026] [::1]:42496 [302]: POST /login
[Mon May 11 12:26:47 2026] [::1]:42496 Closing
[Mon May 11 12:26:47 2026] [::1]:42504 Accepted
[Mon May 11 12:26:47 2026] [::1]:42504 [200]: GET /
[Mon May 11 12:26:47 2026] [::1]:42504 Closing
[Mon May 11 12:26:47 2026] [::1]:42518 Accepted
[Mon May 11 12:26:47 2026] [::1]:42528 Accepted
[Mon May 11 12:26:47 2026] [::1]:42518 [200]: GET /assets/css/style.css
[Mon May 11 12:26:47 2026] [::1]:42542 Accepted
[Mon May 11 12:26:47 2026] [::1]:42528 [200]: GET /assets/css/style-preset.css
[Mon May 11 12:26:47 2026] [::1]:42552 Accepted
[Mon May 11 12:26:47 2026] [::1]:42542 [404]: GET /assets/img/logo-dark.svg - No such file or directory
[Mon May 11 12:26:47 2026] [::1]:42542 Closing
[Mon May 11 12:26:47 2026] [::1]:42552 [404]: GET /assets/img/favicon.svg - No such file or directory
[Mon May 11 12:26:47 2026] [::1]:42552 Closing
[Mon May 11 12:26:47 2026] [::1]:42528 Closing
[Mon May 11 12:26:47 2026] [::1]:42518 Closing
[Mon May 11 12:26:47 2026] [::1]:42556 Accepted
[Mon May 11 12:26:47 2026] [::1]:42566 Accepted
[Mon May 11 12:26:47 2026] [::1]:42580 Accepted
[Mon May 11 12:26:47 2026] [::1]:42584 Accepted
[Mon May 11 12:26:47 2026] [::1]:42594 Accepted
[Mon May 11 12:26:47 2026] [::1]:42596 Accepted
[Mon May 11 12:26:47 2026] [::1]:42556 [200]: GET /assets/img/default-avatar.png
[Mon May 11 12:26:47 2026] [::1]:42566 [200]: GET /assets/libs/jquery.min.js
[Mon May 11 12:26:47 2026] [::1]:42580 [200]: GET /assets/js/plugins/popper.min.js
[Mon May 11 12:26:47 2026] [::1]:42584 [200]: GET /assets/js/plugins/simplebar.min.js
[Mon May 11 12:26:47 2026] [::1]:42556 Closing
[Mon May 11 12:26:47 2026] [::1]:42566 Closing
[Mon May 11 12:26:47 2026] [::1]:42580 Closing
[Mon May 11 12:26:47 2026] [::1]:42584 Closing
[Mon May 11 12:26:47 2026] [::1]:42594 [200]: GET /assets/js/plugins/bootstrap.min.js
[Mon May 11 12:26:47 2026] [::1]:42594 Closing
[Mon May 11 12:26:47 2026] [::1]:42596 [200]: GET /assets/js/fonts/custom-font.js
[Mon May 11 12:26:47 2026] [::1]:42596 Closing
[Mon May 11 12:26:47 2026] [::1]:42606 Accepted
[Mon May 11 12:26:47 2026] [::1]:42620 Accepted
[Mon May 11 12:26:47 2026] [::1]:42628 Accepted
[Mon May 11 12:26:47 2026] [::1]:42606 [200]: GET /assets/js/script.js
[Mon May 11 12:26:47 2026] [::1]:42606 Closing
[Mon May 11 12:26:47 2026] [::1]:42620 [200]: GET /assets/js/theme.js
[Mon May 11 12:26:47 2026] [::1]:42628 [200]: GET /assets/js/plugins/feather.min.js
[Mon May 11 12:26:47 2026] [::1]:42620 Closing
[Mon May 11 12:26:47 2026] [::1]:42628 Closing
[Mon May 11 12:26:47 2026] [::1]:42634 Accepted
[Mon May 11 12:26:47 2026] [::1]:42634 [200]: GET /assets/fonts/phosphor/duotone/style.css
[Mon May 11 12:26:47 2026] [::1]:42634 Closing
[Mon May 11 12:26:47 2026] [::1]:42638 Accepted
[Mon May 11 12:26:47 2026] [::1]:42638 [200]: GET /assets/fonts/phosphor/duotone/Phosphor-Duotone.woff2
[Mon May 11 12:26:47 2026] [::1]:42638 Closing
[Mon May 11 12:26:47 2026] [::1]:42642 Accepted
[Mon May 11 12:26:47 2026] [::1]:42642 [200]: GET /eleves/create
[Mon May 11 12:26:47 2026] [::1]:42642 Closing
[Mon May 11 12:26:47 2026] [::1]:42656 Accepted
[Mon May 11 12:26:47 2026] [::1]:42656 [200]: GET /assets/css/style.css
[Mon May 11 12:26:47 2026] [::1]:42664 Accepted
[Mon May 11 12:26:47 2026] [::1]:42672 Accepted
[Mon May 11 12:26:47 2026] [::1]:42656 Closing
[Mon May 11 12:26:47 2026] [::1]:42676 Accepted
[Mon May 11 12:26:47 2026] [::1]:42686 Accepted
[Mon May 11 12:26:47 2026] [::1]:42700 Accepted
[Mon May 11 12:26:47 2026] [::1]:42706 Accepted
[Mon May 11 12:26:47 2026] [::1]:42686 [200]: GET /assets/css/style-preset.css
[Mon May 11 12:26:47 2026] [::1]:42664 [404]: GET /assets/img/logo-dark.svg - No such file or directory
[Mon May 11 12:26:47 2026] [::1]:42664 Closing
[Mon May 11 12:26:47 2026] [::1]:42672 [404]: GET /assets/img/favicon.svg - No such file or directory
[Mon May 11 12:26:47 2026] [::1]:42676 [200]: GET /assets/libs/cropper/cropper.min.css
[Mon May 11 12:26:47 2026] [::1]:42672 Closing
[Mon May 11 12:26:47 2026] [::1]:42676 Closing
[Mon May 11 12:26:47 2026] [::1]:42686 Closing
[Mon May 11 12:26:47 2026] [::1]:42700 [200]: GET /assets/img/default-avatar.png
[Mon May 11 12:26:47 2026] [::1]:42700 Closing
[Mon May 11 12:26:47 2026] [::1]:42706 [200]: GET /assets/libs/cropper/cropper.min.js
[Mon May 11 12:26:47 2026] [::1]:42706 Closing
[Mon May 11 12:26:47 2026] [::1]:42718 Accepted
[Mon May 11 12:26:47 2026] [::1]:42722 Accepted
[Mon May 11 12:26:47 2026] [::1]:42726 Accepted
[Mon May 11 12:26:47 2026] [::1]:42738 Accepted
[Mon May 11 12:26:47 2026] [::1]:42748 Accepted
[Mon May 11 12:26:47 2026] [::1]:42718 [200]: GET /assets/libs/jquery.min.js
[Mon May 11 12:26:47 2026] [::1]:42722 [200]: GET /assets/js/plugins/popper.min.js
[Mon May 11 12:26:47 2026] [::1]:42718 Closing
[Mon May 11 12:26:47 2026] [::1]:42722 Closing
[Mon May 11 12:26:47 2026] [::1]:42726 [200]: GET /assets/js/plugins/simplebar.min.js
[Mon May 11 12:26:47 2026] [::1]:42754 Accepted
[Mon May 11 12:26:47 2026] [::1]:42726 Closing
[Mon May 11 12:26:47 2026] [::1]:42738 [200]: GET /assets/js/plugins/bootstrap.min.js
[Mon May 11 12:26:47 2026] [::1]:42748 [200]: GET /assets/js/fonts/custom-font.js
[Mon May 11 12:26:47 2026] [::1]:42738 Closing
[Mon May 11 12:26:47 2026] [::1]:42748 Closing
[Mon May 11 12:26:47 2026] [::1]:42754 [200]: GET /assets/js/script.js
[Mon May 11 12:26:47 2026] [::1]:42754 Closing
[Mon May 11 12:26:47 2026] [::1]:42760 Accepted
[Mon May 11 12:26:47 2026] [::1]:42768 Accepted
[Mon May 11 12:26:47 2026] [::1]:42770 Accepted
[Mon May 11 12:26:47 2026] [::1]:42768 [200]: GET /assets/fonts/phosphor/duotone/style.css
[Mon May 11 12:26:47 2026] [::1]:42768 Closing
[Mon May 11 12:26:47 2026] [::1]:42760 [200]: GET /assets/js/theme.js
[Mon May 11 12:26:47 2026] [::1]:42760 Closing
[Mon May 11 12:26:47 2026] [::1]:42770 [200]: GET /assets/js/plugins/feather.min.js
[Mon May 11 12:26:47 2026] [::1]:42770 Closing
[Mon May 11 12:26:47 2026] [::1]:42780 Accepted
[Mon May 11 12:26:47 2026] [::1]:42780 [200]: GET /assets/fonts/phosphor/duotone/Phosphor-Duotone.woff2
[Mon May 11 12:26:47 2026] [::1]:42780 Closing
[Mon May 11 12:26:49 2026] [::1]:42786 Accepted
[Mon May 11 12:26:49 2026] [::1]:42786 [302]: POST /eleves/store
[Mon May 11 12:26:49 2026] [::1]:42786 Closing
[Mon May 11 12:26:49 2026] [::1]:42802 Accepted
[Mon May 11 12:26:49 2026] [::1]:42802 [200]: GET /eleves/assign-class?eleve_id=4
[Mon May 11 12:26:49 2026] [::1]:42802 Closing
[Mon May 11 12:26:49 2026] [::1]:42814 Accepted
[Mon May 11 12:26:49 2026] [::1]:42826 Accepted
[Mon May 11 12:26:49 2026] [::1]:42832 Accepted
[Mon May 11 12:26:49 2026] [::1]:42836 Accepted
[Mon May 11 12:26:49 2026] [::1]:42814 [200]: GET /assets/css/style.css
[Mon May 11 12:26:49 2026] [::1]:42826 [200]: GET /assets/css/style-preset.css
[Mon May 11 12:26:49 2026] [::1]:42826 Closing
[Mon May 11 12:26:49 2026] [::1]:42814 Closing
[Mon May 11 12:26:49 2026] [::1]:42848 Accepted
[Mon May 11 12:26:49 2026] [::1]:42832 [404]: GET /assets/img/logo-dark.svg - No such file or directory
[Mon May 11 12:26:49 2026] [::1]:42836 [404]: GET /assets/img/favicon.svg - No such file or directory
[Mon May 11 12:26:49 2026] [::1]:42860 Accepted
[Mon May 11 12:26:49 2026] [::1]:42832 Closing
[Mon May 11 12:26:49 2026] [::1]:42836 Closing
[Mon May 11 12:26:49 2026] [::1]:42868 Accepted
[Mon May 11 12:26:49 2026] [::1]:42880 Accepted
[Mon May 11 12:26:49 2026] [::1]:42848 [200]: GET /assets/img/default-avatar.png
[Mon May 11 12:26:49 2026] [::1]:42848 Closing
[Mon May 11 12:26:49 2026] [::1]:42860 [200]: GET /assets/libs/jquery.min.js
[Mon May 11 12:26:49 2026] [::1]:42860 Closing
[Mon May 11 12:26:49 2026] [::1]:42890 Accepted
[Mon May 11 12:26:49 2026] [::1]:42868 [200]: GET /assets/js/plugins/popper.min.js
[Mon May 11 12:26:49 2026] [::1]:42880 [200]: GET /assets/js/plugins/simplebar.min.js
[Mon May 11 12:26:49 2026] [::1]:42906 Accepted
[Mon May 11 12:26:49 2026] [::1]:42890 [200]: GET /assets/js/plugins/bootstrap.min.js
[Mon May 11 12:26:49 2026] [::1]:42920 Accepted
[Mon May 11 12:26:49 2026] [::1]:42906 [200]: GET /assets/js/fonts/custom-font.js
[Mon May 11 12:26:49 2026] [::1]:42868 Closing
[Mon May 11 12:26:49 2026] [::1]:42880 Closing
[Mon May 11 12:26:49 2026] [::1]:42920 [200]: GET /assets/js/script.js
[Mon May 11 12:26:49 2026] [::1]:42890 Closing
[Mon May 11 12:26:49 2026] [::1]:42906 Closing
[Mon May 11 12:26:49 2026] [::1]:42920 Closing
[Mon May 11 12:26:49 2026] [::1]:42930 Accepted
[Mon May 11 12:26:49 2026] [::1]:42930 [200]: GET /assets/js/theme.js
[Mon May 11 12:26:49 2026] [::1]:42930 Closing
[Mon May 11 12:26:49 2026] [::1]:42934 Accepted
[Mon May 11 12:26:49 2026] [::1]:42934 [200]: GET /assets/js/plugins/feather.min.js
[Mon May 11 12:26:49 2026] [::1]:42934 Closing
[Mon May 11 12:26:49 2026] [::1]:42950 Accepted
[Mon May 11 12:26:49 2026] [::1]:42950 [200]: GET /assets/fonts/phosphor/duotone/style.css
[Mon May 11 12:26:49 2026] [::1]:42950 Closing
[Mon May 11 12:26:49 2026] [::1]:42958 Accepted
[Mon May 11 12:26:49 2026] [::1]:42958 [200]: GET /assets/fonts/phosphor/duotone/Phosphor-Duotone.woff2
[Mon May 11 12:26:49 2026] [::1]:42958 Closing
